
2023/06/01 (11:30:18) | ===> btop++ v.1.2.13
2023/06/01 (11:30:18) | ERROR: No tty detected!
btop++ needs an interactive shell to run.

2023/06/01 (11:33:38) | ===> btop++ v.1.2.13
2023/06/01 (11:33:38) | INFO: Logger set to INFO
2023/06/01 (11:33:41) | INFO: Logger set to INFO
2023/06/01 (11:33:41) | INFO: Logger set to DEBUG

2023/06/01 (11:42:29) | ===> btop++ v.1.2.13
2023/06/01 (11:42:29) | ERROR: Invalid hex value: 40a02b
theme[temp_mid]=
2023/06/01 (11:42:30) | ERROR: Invalid hex value: 89dceb

# Process box color gradient for threads, mem and cpu usage (Sapphire -> Mauve)
theme[process_start]=
2023/06/01 (11:42:33) | ERROR: Invalid hex value: 89dceb

# Process box color gradient for threads, mem and cpu usage (Sapphire -> Mauve)
theme[process_start]=
2023/06/01 (11:43:32) | ERROR: Invalid hex value: 40a02b
theme[temp_mid]=
2023/06/01 (11:43:33) | ERROR: Invalid hex value: 89dceb

# Process box color gradient for threads, mem and cpu usage (Sapphire -> Mauve)
theme[process_start]=

2023/06/01 (11:47:28) | ===> btop++ v.1.2.13
2023/06/01 (11:47:28) | ERROR: Invalid hex value: 89dceb

# Process box color gradient for threads, mem and cpu usage (Sapphire -> Mauve)
theme[process_start]=

2023/06/01 (11:49:06) | ===> btop++ v.1.2.13
2023/06/01 (11:49:06) | ERROR: Invalid hex value: 89dceb

# Process box color gradient for threads, mem and cpu usage (Sapphire -> Mauve)
theme[process_start]=
